build/app/outputs/mapping/release/seeds.txt
com.vishnurajan.stockistbusinessapp.MainActivity: MainActivity()
com.vishnurajan.stockistbusinessapp.MainActivity
...
io.flutter.view.AccessibilityViewEmbedder: int nextFlutterId
com.google.android.gms.measurement.internal.AppMeasurementDynamiteService: void setEventInterceptor(com.google.android.gms.internal.measurement.zzci)
com.google.android.gms.internal.ads.zzjl: com.google.android.gms.internal.ads.zzjl zzg
com.google.android.gms.internal.firebase-auth-api.zzgj: int zze
com.google.android.gms.internal.ads.zzabg: android.os.Parcelable$Creator CREATOR
com.google.android.gms.internal.ads.zzbbf: int zzb
com.google.android.gms.internal.measurement.zzgh: int zza
com.google.android.gms.measurement.internal.AppMeasurementDynamiteService: void onActivityPaused(com.google.android.gms.dynamic.IObjectWrapper,long)
com.google.android.gms.internal.measurement.zzex: com.google.android.gms.internal.measurement.zzex zzi
com.google.android.gms.measurement.internal.AppMeasurementDynamiteService: void setCurrentScreen(com.google.android.gms.dynamic.IObjectWrapper,java.lang.String,java.lang.String,long)
com.google.android.gms.internal.ads.zzbbn: int zzf
io.flutter.embedding.android.FlutterSplashView$SavedState: android.os.Bundle splashScreenState
com.google.android.gms.internal.firebase-auth-api.zzgj: int zzf
com.google.android.gms.internal.firebase-auth-api.zzfi: int zze
androidx.room.MultiInstanceInvalidationService: MultiInstanceInvalidationService()
com.google.android.gms.internal.ads.zzbcg: int zzi
com.google.firestore.v1.DocumentTransform$FieldTransform: int MINIMUM_FIELD_NUMBER
com.google.android.gms.measurement.internal.AppMeasurementDynamiteService: void setUserId(java.lang.String,long)
com.google.android.gms.internal.firebase-auth-api.zzhj: int zze
com.google.firestore.v1.BatchGetDocumentsRequest: int NEW_TRANSACTION_FIELD_NUMBER
io.flutter.embedding.engine.FlutterJNI: java.lang.String observatoryUri
io.flutter.embedding.engine.mutatorsstack.FlutterMutatorView
com.google.android.gms.ads.mediation.MediationInterstitialAdapter: void showInterstitial()
androidx.core.R$id: int accessibility_custom_action_5
com.google.android.gms.internal.ads.zzbbh: int zze
com.google.android.gms.internal.ads.zzacj: android.os.Parcelable$Creator CREATOR
com.google.android.gms.internal.ads.zzgas: com.google.android.gms.internal.ads.zzgdn zze
io.flutter.plugins.googlemobileads.FlutterAdapterStatus$AdapterInitializationState: io.flutter.plugins.googlemobileads.FlutterAdapterStatus$AdapterInitializationState[] values()
com.google.android.gms.internal.ads.zzbbh: int zzb
com.google.android.gms.internal.ads.zzbbp
com.google.android.gms.measurement.internal.AppMeasurementDynamiteService: void generateEventId(com.google.android.gms.internal.measurement.zzcf)
com.google.android.gms.internal.firebase-auth-api.zznm: android.os.Parcelable$Creator CREATOR
com.google.android.gms.internal.ads.zzjn: com.google.android.gms.internal.ads.zzgez zzp
com.google.firebase.FirebaseCommonRegistrar
com.google.firestore.v1.TargetChange
com.google.android.gms.ads.search.SearchAdView: com.google.android.gms.ads.AdSize getAdSize()
com.google.firestore.v1.Value: com.google.firestore.v1.Value DEFAULT_INSTANCE
com.google.android.gms.ads.impl.R$string: int offline_notification_text
androidx.work.impl.background.systemalarm.ConstraintProxyUpdateReceiver
com.google.android.gms.internal.ads.zzagg: android.os.Parcelable$Creator CREATOR
com.google.firestore.v1.StructuredQuery: int WHERE_FIELD_NUMBER
com.google.android.gms.ads.nativead.NativeAdView: android.view.View getImageView()
com.google.android.gms.internal.firebase-auth-api.zzgx: com.google.android.gms.internal.firebase-auth-api.zzha zze
androidx.lifecycle.ReflectiveGenericLifecycleObserver
com.google.android.gms.internal.ads.zzfxy
com.google.android.gms.internal.firebase-auth-api.zzjn
com.google.android.gms.internal.ads.zzfyz: com.google.android.gms.internal.ads.zzfyz zzg
com.google.firestore.v1.Value: int STRING_VALUE_FIELD_NUMBER
com.google.android.gms.ads.mediation.MediationBannerAdapter: android.view.View getBannerView()