build/app/outputs/mapping/release/mapping.txt
# compiler: R8
# compiler_version: 2.0.74
# min_api: 19
# pg_map_id: 37cbcb2
# common_typos_disable
com.vishnurajan.stockistbusinessapp.MainActivity -> com.vishnurajan.stockistbusinessapp.MainActivity:
    void configureFlutterEngine(io.flutter.embedding.engine.FlutterEngine) -> z
...
com.google.android.gms.internal.measurement.zzjs -> c.a.b.a.c.h.h8:
    com.google.android.gms.internal.measurement.zzjq zzb -> b
    com.google.android.gms.internal.measurement.zzjq zza -> a
    com.google.android.gms.internal.measurement.zzjq zza() -> a
    com.google.android.gms.internal.measurement.zzjq zzb() -> b
com.google.android.gms.internal.measurement.zzjt -> c.a.b.a.c.h.i8:
    com.google.android.gms.internal.measurement.zzmx zzb() -> a
    boolean zzc() -> b
com.google.android.gms.internal.measurement.zzju -> c.a.b.a.c.h.j8:
    com.google.android.gms.internal.measurement.zzju zzd -> d
    boolean zzb -> b
    boolean zzc -> c
    com.google.android.gms.internal.measurement.zzmd zza -> a
    com.google.android.gms.internal.measurement.zzju zza() -> a
    void zzb() -> b
    void zzc(com.google.android.gms.internal.measurement.zzjt,java.lang.Object) -> c
    void zzd(com.google.android.gms.internal.measurement.zzjt,java.lang.Object) -> d
com.google.android.gms.internal.measurement.zzjv -> c.a.b.a.c.h.k8:
    com.google.android.gms.internal.measurement.zzjv zzm -> y
    com.google.android.gms.internal.measurement.zzjv zzL -> X
    int zzaa -> l
    com.google.android.gms.internal.measurement.zzjv zzP -> b0
    com.google.android.gms.internal.measurement.zzjv zzq -> C
    com.google.android.gms.internal.measurement.zzjv zzR -> d0
    com.google.android.gms.internal.measurement.zzjv zzT -> f0
    com.google.android.gms.internal.measurement.zzjv zzu -> G
    com.google.android.gms.internal.measurement.zzjv zzV -> h0
    com.google.android.gms.internal.measurement.zzjv zzv -> H
    com.google.android.gms.internal.measurement.zzjv zza -> m
    com.google.android.gms.internal.measurement.zzjv zzz -> L
    com.google.android.gms.internal.measurement.zzjv zze -> q
    com.google.android.gms.internal.measurement.zzjv zzD -> P
    com.google.android.gms.internal.measurement.zzjv zzi -> u
    com.google.android.gms.internal.measurement.zzjv zzH -> T
    com.google.android.gms.internal.measurement.zzjv zzl -> x
    com.google.android.gms.internal.measurement.zzjv zzp -> B
    com.google.android.gms.internal.measurement.zzjv zzt -> F
    com.google.android.gms.internal.measurement.zzjv zzW -> i0
    com.google.android.gms.internal.measurement.zzjv zzy -> K
    com.google.android.gms.internal.measurement.zzjv zzY -> k0
    com.google.android.gms.internal.measurement.zzjv zzC -> O
com.google.android.gms.internal.measurement.zzjw -> c.a.b.a.c.h.l8:
    float[] zzb -> m
    int zzc -> n
    com.google.android.gms.internal.measurement.zzjw zza -> o
    void zzd(float) -> e
    void zzf(int) -> i
    java.lang.String zzg(int) -> k
    com.google.android.gms.internal.measurement.zzkk zze(int) -> m
com.google.android.gms.internal.measurement.zzjx -> c.a.b.a.c.h.m8:
    java.util.logging.Logger zza -> a
    java.lang.String zzb -> b
    com.google.android.gms.internal.measurement.zzjp zza() -> a
    com.google.android.gms.internal.measurement.zzjp zzb(java.lang.Class) -> b
com.google.android.gms.internal.measurement.zzjy -> c.a.b.a.c.h.n8:
    com.google.android.gms.internal.measurement.zzjy zza -> a
    boolean zzb(java.lang.Class) -> a
    com.google.android.gms.internal.measurement.zzlf zzc(java.lang.Class) -> b
    com.google.android.gms.internal.measurement.zzjy zza() -> c