build/app/outputs/mapping/release/usage.txt
com.vishnurajan.stockistbusinessapp.R$drawable
com.vishnurajan.stockistbusinessapp.R$style
com.vishnurajan.stockistbusinessapp.R$attr
com.vishnurajan.stockistbusinessapp.R$string
com.vishnurajan.stockistbusinessapp.R$bool
com.vishnurajan.stockistbusinessapp.R$color
com.vishnurajan.stockistbusinessapp.R$mipmap
com.vishnurajan.stockistbusinessapp.R$layout
com.vishnurajan.stockistbusinessapp.R$integer
com.vishnurajan.stockistbusinessapp.R$id
com.vishnurajan.stockistbusinessapp.BuildConfig
com.vishnurajan.stockistbusinessapp.R
com.vishnurajan.stockistbusinessapp.R$styleable
com.vishnurajan.stockistbusinessapp.R$dimen
...
com.google.common.graph.Traverser$GraphTraverser$BreadthFirstIterator
com.google.common.collect.AbstractMultiset
kotlin.jvm.PurelyImplements
com.google.common.graph.SuccessorsFunction
com.google.common.reflect.ClassPath$ResourceInfo
kotlin.ranges.CharRange
com.google.common.collect.ImmutableRangeMap$Builder
kotlin.sequences.ConstrainedOnceSequence
com.google.common.cache.LocalCache$AccessQueue$1
io.grpc.ClientInterceptors$1:
    void <init>(io.grpc.MethodDescriptor$Marshaller,io.grpc.MethodDescriptor$Marshaller,io.grpc.ClientInterceptor)
    public io.grpc.ClientCall interceptCall(io.grpc.MethodDescriptor,io.grpc.CallOptions,io.grpc.Channel)
    final synthetic io.grpc.MethodDescriptor$Marshaller val$reqMarshaller
    final synthetic io.grpc.MethodDescriptor$Marshaller val$respMarshaller
    final synthetic io.grpc.ClientInterceptor val$interceptor
androidx.lifecycle.GenericLifecycleObserver
kotlin.text.MatchGroup
com.google.firebase.platforminfo.GlobalLibraryVersionRegistrar:
    public void registerVersion(java.lang.String,java.lang.String)
com.google.android.gms.internal.ads.zzfpy:
    private void <init>()
com.google.protobuf.ExtensionLite:
    public void <init>()
    public abstract int getNumber()
    public abstract com.google.protobuf.WireFormat$FieldType getLiteType()
    public abstract boolean isRepeated()
    public abstract java.lang.Object getDefaultValue()
    public abstract com.google.protobuf.MessageLite getMessageDefaultInstance()
    boolean isLite()
androidx.work.multiprocess.IWorkManagerImplCallback$Stub$Proxy
com.google.type.Date
io.grpc.inprocess.InProcessTransport$InProcessStream
io.grpc.internal.ServerImpl$JumpToApplicationThreadServerStreamListener$1HalfClosed
com.google.api.QuotaLimit$Builder
com.google.android.gms.internal.safetynet.zzk$zzf
androidx.core.location.LocationManagerCompat$CancellableLocationListener$2
com.google.errorprone.annotations.DoNotMock
kotlin.jvm.JvmInline
com.google.common.collect.MapMakerInternalMap$StrongKeyDummyValueEntry
androidx.work.PeriodicWorkRequest$Builder
com.google.common.collect.ImmutableEnumMap$EnumSerializedForm
com.google.common.primitives.UnsignedBytes$LexicographicalComparatorHolder$UnsafeComparator$1
kotlin.sequences.SequencesKt___SequencesKt
com.google.protobuf.FloatValue$1
androidx.core.graphics.BlendModeColorFilterCompat
com.google.common.collect.ImmutableRangeSet$1
com.google.android.gms.internal.ads.zzazs:
    private void <init>()
com.google.rpc.context.AttributeContext$Resource$Builder
com.google.type.ExprProto
com.google.common.util.concurrent.CollectionFuture$CollectionFutureRunningState
kotlin.text.Regex$special$$inlined$fromInt$1
androidx.core.util.Pools$SynchronizedPool
com.google.common.util.concurrent.AggregateFutureState$SafeAtomicHelper
io.grpc.ServiceDescriptor
com.google.firebase.analytics.connector.internal.zze
com.google.api.ProjectProperties
androidx.lifecycle.MethodCallsLogger:
    public boolean approveCall(java.lang.String,int)
io.grpc.okhttp.Headers:
    void <init>()
com.google.api.MonitoredResourceProto
com.google.api.ResourceDescriptorOrBuilder
androidx.core.app.ComponentActivity$ExtraData
com.google.common.collect.StandardTable$Column
androidx.room.ColumnInfo$Collate
androidx.room.InvalidationTracker$Observer:
    protected varargs void <init>(java.lang.String,java.lang.String[])
com.google.rpc.QuotaFailureOrBuilder
io.grpc.util.SecretRoundRobinLoadBalancerProvider$Provider:
    private static final java.lang.String NO_CONFIG